<?xml version="1.0" encoding="UTF-8"?>
<coverage generated="1413033154">
  <project timestamp="1413033154">
    <file name="C:\ProjektPHP\al223ecProjekt/common/html_view.php">
      <class name="HTMLView" namespace="global">
        <metrics methods="1" coveredmethods="0" conditionals="0" coveredconditionals="0" statements="7" coveredstatements="0" elements="8" coveredelements="0"/>
      </class>
      <line num="4" type="method" name="echoHTML" crap="6" count="0"/>
      <line num="5" type="stmt" count="0"/>
      <line num="6" type="stmt" count="0"/>
      <line num="15" type="stmt" count="0"/>
      <line num="16" type="stmt" count="0"/>
      <line num="22" type="stmt" count="0"/>
      <line num="26" type="stmt" count="0"/>
      <line num="27" type="stmt" count="0"/>
      <metrics loc="27" ncloc="27" classes="1" methods="1" coveredmethods="0" conditionals="0" coveredconditionals="0" statements="7" coveredstatements="0" elements="8" coveredelements="0"/>
    </file>
    <file name="C:\ProjektPHP\al223ecProjekt/core/autoload.php">
      <line num="5" type="stmt" count="2"/>
      <line num="6" type="stmt" count="2"/>
      <line num="7" type="stmt" count="2"/>
      <line num="8" type="stmt" count="2"/>
      <line num="9" type="stmt" count="2"/>
      <line num="10" type="stmt" count="2"/>
      <line num="11" type="stmt" count="2"/>
      <line num="12" type="stmt" count="2"/>
      <line num="13" type="stmt" count="2"/>
      <line num="14" type="stmt" count="2"/>
      <line num="15" type="stmt" count="2"/>
      <line num="17" type="stmt" count="2"/>
      <line num="18" type="stmt" count="2"/>
      <line num="20" type="stmt" count="2"/>
      <line num="21" type="stmt" count="2"/>
      <line num="22" type="stmt" count="0"/>
      <line num="24" type="stmt" count="2"/>
      <line num="25" type="stmt" count="2"/>
      <metrics loc="26" ncloc="24" classes="0" methods="0" coveredmethods="0" conditionals="0" coveredconditionals="0" statements="18" coveredstatements="17" elements="18" coveredelements="17"/>
    </file>
    <package name="core">
      <file name="C:\ProjektPHP\al223ecProjekt/core/controller.php">
        <class name="Controller" namespace="core">
          <metrics methods="2" coveredmethods="1" conditionals="0" coveredconditionals="0" statements="4" coveredstatements="2" elements="6" coveredelements="3"/>
        </class>
        <line num="11" type="method" name="setParams" crap="1" count="2"/>
        <line num="12" type="stmt" count="2"/>
        <line num="13" type="stmt" count="2"/>
        <line num="15" type="method" name="redirectTo" crap="2" count="0"/>
        <line num="16" type="stmt" count="0"/>
        <line num="17" type="stmt" count="0"/>
        <metrics loc="18" ncloc="16" classes="1" methods="2" coveredmethods="1" conditionals="0" coveredconditionals="0" statements="4" coveredstatements="2" elements="6" coveredelements="3"/>
      </file>
      <file name="C:\ProjektPHP\al223ecProjekt/core/repository.php">
        <class name="Repository" namespace="core">
          <metrics methods="3" coveredmethods="0" conditionals="0" coveredconditionals="0" statements="28" coveredstatements="0" elements="31" coveredelements="0"/>
        </class>
        <line num="11" type="method" name="connection" crap="12" count="0"/>
        <line num="12" type="stmt" count="0"/>
        <line num="13" type="stmt" count="0"/>
        <line num="14" type="stmt" count="0"/>
        <line num="15" type="stmt" count="0"/>
        <line num="16" type="stmt" count="0"/>
        <line num="17" type="stmt" count="0"/>
        <line num="18" type="stmt" count="0"/>
        <line num="22" type="method" name="findBy" crap="6" count="0"/>
        <line num="24" type="stmt" count="0"/>
        <line num="25" type="stmt" count="0"/>
        <line num="26" type="stmt" count="0"/>
        <line num="27" type="stmt" count="0"/>
        <line num="28" type="stmt" count="0"/>
        <line num="29" type="stmt" count="0"/>
        <line num="30" type="stmt" count="0"/>
        <line num="33" type="method" name="query" crap="30" count="0"/>
        <line num="34" type="stmt" count="0"/>
        <line num="35" type="stmt" count="0"/>
        <line num="37" type="stmt" count="0"/>
        <line num="38" type="stmt" count="0"/>
        <line num="39" type="stmt" count="0"/>
        <line num="40" type="stmt" count="0"/>
        <line num="41" type="stmt" count="0"/>
        <line num="42" type="stmt" count="0"/>
        <line num="43" type="stmt" count="0"/>
        <line num="46" type="stmt" count="0"/>
        <line num="47" type="stmt" count="0"/>
        <line num="50" type="stmt" count="0"/>
        <line num="51" type="stmt" count="0"/>
        <line num="54" type="stmt" count="0"/>
        <metrics loc="56" ncloc="53" classes="1" methods="3" coveredmethods="0" conditionals="0" coveredconditionals="0" statements="28" coveredstatements="0" elements="31" coveredelements="0"/>
      </file>
      <file name="C:\ProjektPHP\al223ecProjekt/core/router.php">
        <class name="Router" namespace="core">
          <metrics methods="5" coveredmethods="4" conditionals="0" coveredconditionals="0" statements="51" coveredstatements="50" elements="56" coveredelements="54"/>
        </class>
        <line num="14" type="method" name="__construct" crap="5" count="9"/>
        <line num="16" type="stmt" count="9"/>
        <line num="17" type="stmt" count="9"/>
        <line num="19" type="stmt" count="9"/>
        <line num="20" type="stmt" count="1"/>
        <line num="21" type="stmt" count="1"/>
        <line num="23" type="stmt" count="9"/>
        <line num="25" type="stmt" count="9"/>
        <line num="26" type="stmt" count="9"/>
        <line num="29" type="stmt" count="9"/>
        <line num="30" type="stmt" count="9"/>
        <line num="32" type="stmt" count="9"/>
        <line num="33" type="stmt" count="9"/>
        <line num="35" type="method" name="getAction" crap="2" count="4"/>
        <line num="36" type="stmt" count="4"/>
        <line num="37" type="stmt" count="2"/>
        <line num="38" type="stmt" count="2"/>
        <line num="39" type="stmt" count="4"/>
        <line num="41" type="method" name="getController" crap="2" count="7"/>
        <line num="43" type="stmt" count="7"/>
        <line num="45" type="stmt" count="7"/>
        <line num="46" type="stmt" count="2"/>
        <line num="47" type="stmt" count="2"/>
        <line num="48" type="stmt" count="7"/>
        <line num="51" type="method" name="getParams" crap="1" count="4"/>
        <line num="52" type="stmt" count="4"/>
        <line num="55" type="method" name="dispatch" crap="8" count="3"/>
        <line num="56" type="stmt" count="3"/>
        <line num="57" type="stmt" count="3"/>
        <line num="58" type="stmt" count="3"/>
        <line num="61" type="stmt" count="3"/>
        <line num="62" type="stmt" count="0"/>
        <line num="65" type="stmt" count="3"/>
        <line num="66" type="stmt" count="3"/>
        <line num="67" type="stmt" count="3"/>
        <line num="69" type="stmt" count="3"/>
        <line num="70" type="stmt" count="3"/>
        <line num="71" type="stmt" count="3"/>
        <line num="72" type="stmt" count="3"/>
        <line num="74" type="stmt" count="3"/>
        <line num="75" type="stmt" count="3"/>
        <line num="76" type="stmt" count="2"/>
        <line num="77" type="stmt" count="2"/>
        <line num="78" type="stmt" count="2"/>
        <line num="80" type="stmt" count="3"/>
        <line num="81" type="stmt" count="3"/>
        <line num="82" type="stmt" count="3"/>
        <line num="84" type="stmt" count="3"/>
        <line num="85" type="stmt" count="3"/>
        <line num="86" type="stmt" count="2"/>
        <line num="87" type="stmt" count="2"/>
        <line num="88" type="stmt" count="2"/>
        <line num="90" type="stmt" count="2"/>
        <line num="91" type="stmt" count="1"/>
        <line num="93" type="stmt" count="1"/>
        <line num="95" type="stmt" count="1"/>
        <metrics loc="97" ncloc="76" classes="1" methods="5" coveredmethods="4" conditionals="0" coveredconditionals="0" statements="51" coveredstatements="50" elements="56" coveredelements="54"/>
      </file>
      <file name="C:\ProjektPHP\al223ecProjekt/core/routes.php">
        <class name="Routes" namespace="core">
          <metrics methods="1" coveredmethods="0" conditionals="0" coveredconditionals="0" statements="1" coveredstatements="0" elements="2" coveredelements="0"/>
        </class>
        <line num="12" type="method" name="getRoute" crap="2" count="0"/>
        <line num="13" type="stmt" count="0"/>
        <metrics loc="14" ncloc="14" classes="1" methods="1" coveredmethods="0" conditionals="0" coveredconditionals="0" statements="1" coveredstatements="0" elements="2" coveredelements="0"/>
      </file>
      <file name="C:\ProjektPHP\al223ecProjekt/core/view.php">
        <class name="View" namespace="core">
          <metrics methods="6" coveredmethods="0" conditionals="0" coveredconditionals="0" statements="19" coveredstatements="0" elements="25" coveredelements="0"/>
        </class>
        <line num="16" type="method" name="addMessage" crap="2" count="0"/>
        <line num="17" type="stmt" count="0"/>
        <line num="18" type="stmt" count="0"/>
        <line num="19" type="method" name="renderFlash" crap="20" count="0"/>
        <line num="20" type="stmt" count="0"/>
        <line num="21" type="stmt" count="0"/>
        <line num="22" type="stmt" count="0"/>
        <line num="23" type="stmt" count="0"/>
        <line num="24" type="stmt" count="0"/>
        <line num="25" type="stmt" count="0"/>
        <line num="26" type="stmt" count="0"/>
        <line num="27" type="stmt" count="0"/>
        <line num="28" type="stmt" count="0"/>
        <line num="29" type="stmt" count="0"/>
        <line num="30" type="stmt" count="0"/>
        <line num="33" type="method" name="getInput" crap="6" count="0"/>
        <line num="34" type="stmt" count="0"/>
        <line num="36" type="method" name="getCleanInput" crap="6" count="0"/>
        <line num="37" type="stmt" count="0"/>
        <line num="39" type="method" name="sanitize" crap="2" count="0"/>
        <line num="40" type="stmt" count="0"/>
        <line num="41" type="stmt" count="0"/>
        <line num="44" type="method" name="redirect" crap="2" count="0"/>
        <line num="45" type="stmt" count="0"/>
        <line num="46" type="stmt" count="0"/>
        <metrics loc="46" ncloc="40" classes="1" methods="6" coveredmethods="0" conditionals="0" coveredconditionals="0" statements="19" coveredstatements="0" elements="25" coveredelements="0"/>
      </file>
    </package>
    <package name="core\validation">
      <file name="C:\ProjektPHP\al223ecProjekt/core/validation/validation.php">
        <class name="Validation" namespace="core\validation">
          <metrics methods="15" coveredmethods="10" conditionals="0" coveredconditionals="0" statements="44" coveredstatements="39" elements="59" coveredelements="49"/>
        </class>
        <class name="ValidationMethod" namespace="core\validation">
          <metrics methods="6" coveredmethods="6" conditionals="0" coveredconditionals="0" statements="10" coveredstatements="10" elements="16" coveredelements="16"/>
        </class>
        <line num="29" type="method" name="__construct" crap="1" count="12"/>
        <line num="30" type="stmt" count="12"/>
        <line num="31" type="stmt" count="12"/>
        <line num="32" type="stmt" count="12"/>
        <line num="34" type="method" name="setPropertyToValidate" crap="1" count="12"/>
        <line num="36" type="stmt" count="12"/>
        <line num="37" type="stmt" count="12"/>
        <line num="39" type="method" name="validate" crap="6" count="12"/>
        <line num="41" type="stmt" count="12"/>
        <line num="42" type="stmt" count="12"/>
        <line num="43" type="stmt" count="11"/>
        <line num="45" type="stmt" count="11"/>
        <line num="46" type="stmt" count="11"/>
        <line num="49" type="stmt" count="11"/>
        <line num="50" type="stmt" count="11"/>
        <line num="52" type="stmt" count="11"/>
        <line num="53" type="stmt" count="1"/>
        <line num="56" type="stmt" count="12"/>
        <line num="57" type="stmt" count="12"/>
        <line num="59" type="stmt" count="12"/>
        <line num="60" type="stmt" count="1"/>
        <line num="63" type="stmt" count="11"/>
        <line num="64" type="stmt" count="11"/>
        <line num="66" type="stmt" count="11"/>
        <line num="67" type="stmt" count="7"/>
        <line num="68" type="stmt" count="7"/>
        <line num="69" type="stmt" count="11"/>
        <line num="70" type="stmt" count="11"/>
        <line num="72" type="stmt" count="11"/>
        <line num="75" type="method" name="isValid" crap="4" count="11"/>
        <line num="76" type="stmt" count="11"/>
        <line num="77" type="stmt" count="11"/>
        <line num="78" type="stmt" count="11"/>
        <line num="79" type="stmt" count="7"/>
        <line num="81" type="stmt" count="7"/>
        <line num="82" type="stmt" count="7"/>
        <line num="83" type="stmt" count="7"/>
        <line num="90" type="method" name="getErrorsOnProperty" crap="2" count="3"/>
        <line num="92" type="stmt" count="3"/>
        <line num="97" type="method" name="_not_empty" crap="1" count="2"/>
        <line num="98" type="stmt" count="2"/>
        <line num="100" type="method" name="_regex" crap="2" count="0"/>
        <line num="101" type="stmt" count="0"/>
        <line num="107" type="method" name="_is_string" crap="2" count="0"/>
        <line num="108" type="stmt" count="0"/>
        <line num="110" type="method" name="_min_length" crap="6" count="0"/>
        <line num="111" type="stmt" count="0"/>
        <line num="113" type="method" name="_max_length" crap="6" count="0"/>
        <line num="114" type="stmt" count="0"/>
        <line num="116" type="method" name="_alpha_num" crap="2" count="0"/>
        <line num="117" type="stmt" count="0"/>
        <line num="123" type="method" name="_is_numeric" crap="1" count="5"/>
        <line num="124" type="stmt" count="5"/>
        <line num="126" type="method" name="_is_int" crap="1" count="2"/>
        <line num="127" type="stmt" count="2"/>
        <line num="129" type="method" name="_max_value" crap="2" count="2"/>
        <line num="130" type="stmt" count="2"/>
        <line num="132" type="method" name="_min_value" crap="2" count="1"/>
        <line num="133" type="stmt" count="1"/>
        <line num="144" type="method" name="__construct" crap="1" count="12"/>
        <line num="145" type="stmt" count="12"/>
        <line num="146" type="stmt" count="12"/>
        <line num="147" type="stmt" count="12"/>
        <line num="148" type="stmt" count="12"/>
        <line num="150" type="method" name="getMethod" crap="1" count="12"/>
        <line num="151" type="stmt" count="12"/>
        <line num="154" type="method" name="getArg" crap="1" count="11"/>
        <line num="155" type="stmt" count="11"/>
        <line num="158" type="method" name="getMessage" crap="1" count="7"/>
        <line num="159" type="stmt" count="7"/>
        <line num="162" type="method" name="setValid" crap="1" count="11"/>
        <line num="163" type="stmt" count="11"/>
        <line num="164" type="stmt" count="11"/>
        <line num="165" type="method" name="isValid" crap="1" count="11"/>
        <line num="166" type="stmt" count="11"/>
        <metrics loc="185" ncloc="130" classes="2" methods="21" coveredmethods="16" conditionals="0" coveredconditionals="0" statements="54" coveredstatements="49" elements="75" coveredelements="65"/>
      </file>
    </package>
    <package name="blogg\controller">
      <file name="C:\ProjektPHP\al223ecProjekt/src/blogg/controller/blogg_controller.php">
        <class name="BloggController" namespace="blogg\controller">
          <metrics methods="5" coveredmethods="2" conditionals="0" coveredconditionals="0" statements="9" coveredstatements="6" elements="14" coveredelements="8"/>
        </class>
        <line num="12" type="method" name="__construct" crap="1" count="2"/>
        <line num="13" type="stmt" count="2"/>
        <line num="14" type="stmt" count="2"/>
        <line num="15" type="stmt" count="2"/>
        <line num="16" type="stmt" count="2"/>
        <line num="17" type="stmt" count="2"/>
        <line num="19" type="method" name="main" crap="1" count="1"/>
        <line num="20" type="stmt" count="1"/>
        <line num="23" type="method" name="edit" crap="2" count="0"/>
        <line num="25" type="stmt" count="0"/>
        <line num="26" type="method" name="delete" crap="2" count="0"/>
        <line num="28" type="stmt" count="0"/>
        <line num="29" type="method" name="save" crap="2" count="0"/>
        <line num="31" type="stmt" count="0"/>
        <metrics loc="32" ncloc="32" classes="1" methods="5" coveredmethods="2" conditionals="0" coveredconditionals="0" statements="9" coveredstatements="6" elements="14" coveredelements="8"/>
      </file>
    </package>
    <package name="blogg\model\instagram">
      <file name="C:\ProjektPHP\al223ecProjekt/src/blogg/model/instagram/instagram_model.php">
        <class name="InstagramModel" namespace="blogg\model\instagram">
          <metrics methods="2" coveredmethods="2" conditionals="0" coveredconditionals="0" statements="17" coveredstatements="17" elements="19" coveredelements="19"/>
        </class>
        <line num="10" type="method" name="fetchData" crap="1" count="1"/>
        <line num="11" type="stmt" count="1"/>
        <line num="13" type="stmt" count="1"/>
        <line num="14" type="stmt" count="1"/>
        <line num="16" type="stmt" count="1"/>
        <line num="17" type="stmt" count="1"/>
        <line num="18" type="stmt" count="1"/>
        <line num="19" type="stmt" count="1"/>
        <line num="20" type="stmt" count="1"/>
        <line num="23" type="method" name="getInstagramImages" crap="2" count="1"/>
        <line num="25" type="stmt" count="1"/>
        <line num="26" type="stmt" count="1"/>
        <line num="28" type="stmt" count="1"/>
        <line num="29" type="stmt" count="1"/>
        <line num="31" type="stmt" count="1"/>
        <line num="32" type="stmt" count="1"/>
        <line num="33" type="stmt" count="1"/>
        <line num="34" type="stmt" count="1"/>
        <line num="35" type="stmt" count="1"/>
        <metrics loc="37" ncloc="31" classes="1" methods="2" coveredmethods="2" conditionals="0" coveredconditionals="0" statements="17" coveredstatements="17" elements="19" coveredelements="19"/>
      </file>
    </package>
    <package name="blogg\model">
      <file name="C:\ProjektPHP\al223ecProjekt/src/blogg/model/tweet.php">
        <class name="Tweet" namespace="blogg\model">
          <metrics methods="4" coveredmethods="4" conditionals="0" coveredconditionals="0" statements="7" coveredstatements="7" elements="11" coveredelements="11"/>
        </class>
        <line num="10" type="method" name="__construct" crap="1" count="1"/>
        <line num="11" type="stmt" count="1"/>
        <line num="12" type="stmt" count="1"/>
        <line num="13" type="stmt" count="1"/>
        <line num="14" type="stmt" count="1"/>
        <line num="16" type="method" name="getText" crap="1" count="1"/>
        <line num="17" type="stmt" count="1"/>
        <line num="19" type="method" name="getName" crap="1" count="1"/>
        <line num="20" type="stmt" count="1"/>
        <line num="23" type="method" name="getScreenName" crap="1" count="1"/>
        <line num="24" type="stmt" count="1"/>
        <metrics loc="25" ncloc="25" classes="1" methods="4" coveredmethods="4" conditionals="0" coveredconditionals="0" statements="7" coveredstatements="7" elements="11" coveredelements="11"/>
      </file>
      <file name="C:\ProjektPHP\al223ecProjekt/src/blogg/model/twitter.php">
        <class name="Twitter" namespace="blogg\model">
          <metrics methods="1" coveredmethods="1" conditionals="0" coveredconditionals="0" statements="16" coveredstatements="16" elements="17" coveredelements="17"/>
        </class>
        <line num="18" type="method" name="getTweets" crap="5" count="1"/>
        <line num="19" type="stmt" count="1"/>
        <line num="20" type="stmt" count="1"/>
        <line num="21" type="stmt" count="1"/>
        <line num="22" type="stmt" count="1"/>
        <line num="23" type="stmt" count="1"/>
        <line num="24" type="stmt" count="1"/>
        <line num="25" type="stmt" count="1"/>
        <line num="26" type="stmt" count="1"/>
        <line num="28" type="stmt" count="1"/>
        <line num="29" type="stmt" count="1"/>
        <line num="30" type="stmt" count="1"/>
        <line num="31" type="stmt" count="1"/>
        <line num="32" type="stmt" count="1"/>
        <line num="33" type="stmt" count="1"/>
        <line num="34" type="stmt" count="1"/>
        <line num="35" type="stmt" count="1"/>
        <metrics loc="36" ncloc="29" classes="1" methods="1" coveredmethods="1" conditionals="0" coveredconditionals="0" statements="16" coveredstatements="16" elements="17" coveredelements="17"/>
      </file>
      <file name="C:\ProjektPHP\al223ecProjekt/src/blogg/model/twitter_api_exchange.php">
        <class name="TwitterApiExchange" namespace="blogg\model" fullPackage="Twitter" category="Awesomeness" package="Twitter">
          <metrics methods="9" coveredmethods="4" conditionals="0" coveredconditionals="0" statements="102" coveredstatements="85" elements="111" coveredelements="89"/>
        </class>
        <line num="33" type="method" name="__construct" crap="6.10" count="1"/>
        <line num="35" type="stmt" count="1"/>
        <line num="36" type="stmt" count="1"/>
        <line num="37" type="stmt" count="0"/>
        <line num="40" type="stmt" count="1"/>
        <line num="41" type="stmt" count="1"/>
        <line num="42" type="stmt" count="1"/>
        <line num="43" type="stmt" count="1"/>
        <line num="44" type="stmt" count="1"/>
        <line num="45" type="stmt" count="0"/>
        <line num="48" type="stmt" count="1"/>
        <line num="49" type="stmt" count="1"/>
        <line num="50" type="stmt" count="1"/>
        <line num="51" type="stmt" count="1"/>
        <line num="52" type="stmt" count="1"/>
        <line num="61" type="method" name="setPostfields" crap="20" count="0"/>
        <line num="63" type="stmt" count="0"/>
        <line num="64" type="stmt" count="0"/>
        <line num="65" type="stmt" count="0"/>
        <line num="68" type="stmt" count="0"/>
        <line num="69" type="stmt" count="0"/>
        <line num="70" type="stmt" count="0"/>
        <line num="71" type="stmt" count="0"/>
        <line num="73" type="stmt" count="0"/>
        <line num="75" type="stmt" count="0"/>
        <line num="85" type="method" name="setGetfield" crap="2.01" count="1"/>
        <line num="87" type="stmt" count="1"/>
        <line num="88" type="stmt" count="1"/>
        <line num="89" type="stmt" count="0"/>
        <line num="92" type="stmt" count="1"/>
        <line num="93" type="stmt" count="1"/>
        <line num="94" type="stmt" count="1"/>
        <line num="96" type="stmt" count="1"/>
        <line num="98" type="stmt" count="1"/>
        <line num="106" type="method" name="getGetfield" crap="1" count="1"/>
        <line num="108" type="stmt" count="1"/>
        <line num="116" type="method" name="getPostfields" crap="1" count="1"/>
        <line num="118" type="stmt" count="1"/>
        <line num="129" type="method" name="buildOauth" crap="4" count="1"/>
        <line num="131" type="stmt" count="1"/>
        <line num="132" type="stmt" count="1"/>
        <line num="133" type="stmt" count="0"/>
        <line num="136" type="stmt" count="1"/>
        <line num="137" type="stmt" count="1"/>
        <line num="138" type="stmt" count="1"/>
        <line num="139" type="stmt" count="1"/>
        <line num="142" type="stmt" count="1"/>
        <line num="143" type="stmt" count="1"/>
        <line num="144" type="stmt" count="1"/>
        <line num="145" type="stmt" count="1"/>
        <line num="146" type="stmt" count="1"/>
        <line num="148" type="stmt" count="1"/>
        <line num="150" type="stmt" count="1"/>
        <line num="152" type="stmt" count="1"/>
        <line num="153" type="stmt" count="1"/>
        <line num="154" type="stmt" count="1"/>
        <line num="155" type="stmt" count="1"/>
        <line num="157" type="stmt" count="1"/>
        <line num="158" type="stmt" count="1"/>
        <line num="159" type="stmt" count="1"/>
        <line num="160" type="stmt" count="1"/>
        <line num="162" type="stmt" count="1"/>
        <line num="163" type="stmt" count="1"/>
        <line num="164" type="stmt" count="1"/>
        <line num="165" type="stmt" count="1"/>
        <line num="167" type="stmt" count="1"/>
        <line num="168" type="stmt" count="1"/>
        <line num="170" type="stmt" count="1"/>
        <line num="180" type="method" name="performRequest" crap="5.08" count="1"/>
        <line num="182" type="stmt" count="1"/>
        <line num="183" type="stmt" count="1"/>
        <line num="184" type="stmt" count="0"/>
        <line num="187" type="stmt" count="1"/>
        <line num="189" type="stmt" count="1"/>
        <line num="190" type="stmt" count="1"/>
        <line num="193" type="stmt" count="1"/>
        <line num="194" type="stmt" count="1"/>
        <line num="195" type="stmt" count="1"/>
        <line num="196" type="stmt" count="1"/>
        <line num="197" type="stmt" count="1"/>
        <line num="198" type="stmt" count="1"/>
        <line num="200" type="stmt" count="1"/>
        <line num="201" type="stmt" count="1"/>
        <line num="202" type="stmt" count="0"/>
        <line num="203" type="stmt" count="0"/>
        <line num="206" type="stmt" count="1"/>
        <line num="207" type="stmt" count="1"/>
        <line num="208" type="stmt" count="1"/>
        <line num="209" type="stmt" count="1"/>
        <line num="212" type="stmt" count="1"/>
        <line num="213" type="stmt" count="1"/>
        <line num="214" type="stmt" count="1"/>
        <line num="215" type="stmt" count="1"/>
        <line num="216" type="stmt" count="1"/>
        <line num="218" type="stmt" count="1"/>
        <line num="219" type="stmt" count="0"/>
        <line num="230" type="method" name="buildBaseString" crap="2" count="1"/>
        <line num="232" type="stmt" count="1"/>
        <line num="233" type="stmt" count="1"/>
        <line num="235" type="stmt" count="1"/>
        <line num="237" type="stmt" count="1"/>
        <line num="238" type="stmt" count="1"/>
        <line num="240" type="stmt" count="1"/>
        <line num="250" type="method" name="buildAuthorizationHeader" crap="2" count="1"/>
        <line num="252" type="stmt" count="1"/>
        <line num="253" type="stmt" count="1"/>
        <line num="255" type="stmt" count="1"/>
        <line num="257" type="stmt" count="1"/>
        <line num="258" type="stmt" count="1"/>
        <line num="260" type="stmt" count="1"/>
        <line num="261" type="stmt" count="1"/>
        <metrics loc="264" ncloc="190" classes="1" methods="9" coveredmethods="4" conditionals="0" coveredconditionals="0" statements="102" coveredstatements="85" elements="111" coveredelements="89"/>
      </file>
    </package>
    <package name="blogg\view">
      <file name="C:\ProjektPHP\al223ecProjekt/src/blogg/view/blogg_view.php">
        <class name="BloggView" namespace="blogg\view">
          <metrics methods="7" coveredmethods="2" conditionals="0" coveredconditionals="0" statements="26" coveredstatements="5" elements="33" coveredelements="7"/>
        </class>
        <line num="17" type="method" name="__construct" crap="1" count="2"/>
        <line num="18" type="stmt" count="2"/>
        <line num="20" type="stmt" count="2"/>
        <line num="23" type="method" name="getBloggPostForm" crap="1" count="1"/>
        <line num="30" type="stmt" count="1"/>
        <line num="35" type="stmt" count="1"/>
        <line num="41" type="stmt" count="1"/>
        <line num="44" type="method" name="confirmDelete" crap="2" count="0"/>
        <line num="45" type="stmt" count="0"/>
        <line num="46" type="stmt" count="0"/>
        <line num="47" type="stmt" count="0"/>
        <line num="48" type="stmt" count="0"/>
        <line num="49" type="stmt" count="0"/>
        <line num="53" type="method" name="getCleanInput" crap="6" count="0"/>
        <line num="54" type="stmt" count="0"/>
        <line num="56" type="method" name="getInput" crap="6" count="0"/>
        <line num="57" type="stmt" count="0"/>
        <line num="59" type="method" name="sanitize" crap="2" count="0"/>
        <line num="60" type="stmt" count="0"/>
        <line num="61" type="stmt" count="0"/>
        <line num="64" type="method" name="getAllBloggPosts" crap="12" count="0"/>
        <line num="65" type="stmt" count="0"/>
        <line num="66" type="stmt" count="0"/>
        <line num="67" type="stmt" count="0"/>
        <line num="68" type="stmt" count="0"/>
        <line num="69" type="stmt" count="0"/>
        <line num="71" type="stmt" count="0"/>
        <line num="72" type="stmt" count="0"/>
        <line num="73" type="stmt" count="0"/>
        <line num="74" type="stmt" count="0"/>
        <line num="75" type="stmt" count="0"/>
        <line num="76" type="stmt" count="0"/>
        <line num="77" type="stmt" count="0"/>
        <metrics loc="78" ncloc="74" classes="1" methods="7" coveredmethods="2" conditionals="0" coveredconditionals="0" statements="26" coveredstatements="5" elements="33" coveredelements="7"/>
      </file>
      <file name="C:\ProjektPHP\al223ecProjekt/src/blogg/view/social_media_view.php">
        <class name="SocialMediaView" namespace="blogg\view">
          <metrics methods="3" coveredmethods="3" conditionals="0" coveredconditionals="0" statements="15" coveredstatements="15" elements="18" coveredelements="18"/>
        </class>
        <line num="10" type="method" name="__construct" crap="1" count="2"/>
        <line num="11" type="stmt" count="2"/>
        <line num="12" type="stmt" count="2"/>
        <line num="13" type="stmt" count="2"/>
        <line num="15" type="method" name="getInstagramImages" crap="1" count="1"/>
        <line num="16" type="stmt" count="1"/>
        <line num="19" type="method" name="getTweets" crap="3" count="1"/>
        <line num="20" type="stmt" count="1"/>
        <line num="21" type="stmt" count="1"/>
        <line num="23" type="stmt" count="1"/>
        <line num="24" type="stmt" count="1"/>
        <line num="25" type="stmt" count="1"/>
        <line num="26" type="stmt" count="1"/>
        <line num="27" type="stmt" count="1"/>
        <line num="28" type="stmt" count="1"/>
        <line num="29" type="stmt" count="1"/>
        <line num="30" type="stmt" count="1"/>
        <line num="31" type="stmt" count="1"/>
        <metrics loc="33" ncloc="33" classes="1" methods="3" coveredmethods="3" conditionals="0" coveredconditionals="0" statements="15" coveredstatements="15" elements="18" coveredelements="18"/>
      </file>
    </package>
    <package name="Application">
      <file name="C:\ProjektPHP\al223ecProjekt/tests/user.php">
        <class name="User" namespace="Application" fullPackage="Application" package="Application">
          <metrics methods="4" coveredmethods="3" conditionals="0" coveredconditionals="0" statements="13" coveredstatements="12" elements="17" coveredelements="15"/>
        </class>
        <line num="14" type="method" name="__construct" crap="3" count="6"/>
        <line num="15" type="stmt" count="6"/>
        <line num="16" type="stmt" count="6"/>
        <line num="17" type="stmt" count="6"/>
        <line num="18" type="stmt" count="6"/>
        <line num="19" type="stmt" count="6"/>
        <line num="20" type="stmt" count="6"/>
        <line num="25" type="method" name="isInputValid" crap="7.33" count="1"/>
        <line num="26" type="stmt" count="1"/>
        <line num="27" type="stmt" count="1"/>
        <line num="29" type="stmt" count="0"/>
        <line num="35" type="method" name="createPassword" crap="1" count="4"/>
        <line num="36" type="stmt" count="4"/>
        <line num="37" type="stmt" count="4"/>
        <line num="38" type="stmt" count="4"/>
        <line num="43" type="method" name="verifyPassword" crap="1" count="2"/>
        <line num="44" type="stmt" count="2"/>
        <metrics loc="45" ncloc="32" classes="1" methods="4" coveredmethods="3" conditionals="0" coveredconditionals="0" statements="13" coveredstatements="12" elements="17" coveredelements="15"/>
      </file>
    </package>
    <metrics files="16" loc="1019" ncloc="826" classes="16" methods="74" coveredmethods="42" conditionals="0" coveredconditionals="0" statements="387" coveredstatements="281" elements="461" coveredelements="323"/>
  </project>
</coverage>
